<?xml version="1.0" encoding="UTF-8"?>
<!-- Generated by org.testng.reporters.JUnitReportReporter -->
<testsuite name="com.flipLearn.BL.tests.AppTest" tests="1" failures="0" timestamp="6 Sep 2017 17:48:18 GMT" time="5.760" errors="0">
  <testcase name="getUserProfile" time="5.760" classname="com.flipLearn.BL.tests.AppTest"/>
</testsuite> <!-- com.flipLearn.BL.tests.AppTest -->
