<?xml version="1.0" encoding="UTF-8"?>
<!-- Generated by org.testng.reporters.JUnitReportReporter -->
<testsuite hostname="Vinay" failures="0" tests="2" name="com.flipLearn.BL.tests.ApiTests" time="7.914" errors="0" timestamp="28 Apr 2021 07:32:19 GMT">
  <testcase classname="com.flipLearn.BL.tests.ApiTests" name="getUserProfile" time="0.467"/>
  <testcase classname="com.flipLearn.BL.tests.ApiTests" name="loginRequest" time="7.447"/>
</testsuite> <!-- com.flipLearn.BL.tests.ApiTests -->
