<?xml version="1.0" encoding="UTF-8"?>
<!-- Generated by org.testng.reporters.JUnitReportReporter -->
<testsuite name="com.flipLearn.BL.tests.ApiTests" tests="2" failures="0" timestamp="8 Sep 2017 12:37:21 GMT" time="5.323" errors="0">
  <testcase name="loginRequest" time="4.806" classname="com.flipLearn.BL.tests.ApiTests"/>
  <testcase name="getUserProfile" time="0.517" classname="com.flipLearn.BL.tests.ApiTests"/>
</testsuite> <!-- com.flipLearn.BL.tests.ApiTests -->
