<?xml version="1.0" encoding="UTF-8"?>
<!-- Generated by org.testng.reporters.JUnitReportReporter -->
<testsuite name="com.flipLearn.BL.tests.AppTest" tests="2" failures="0" timestamp="8 Sep 2017 10:40:39 GMT" time="4.077" errors="0">
  <testcase name="getUserProfile" time="0.497" classname="com.flipLearn.BL.tests.AppTest"/>
  <testcase name="loginRequest" time="3.580" classname="com.flipLearn.BL.tests.AppTest"/>
</testsuite> <!-- com.flipLearn.BL.tests.AppTest -->
