<?xml version="1.0" encoding="UTF-8"?>
<!-- Generated by org.testng.reporters.JUnitReportReporter -->
<testsuite name="com.flipLearn.BL.tests.AppTest" tests="2" failures="0" timestamp="6 Sep 2017 18:01:37 GMT" time="7.122" errors="0">
  <testcase name="getUserProfile" time="4.770" classname="com.flipLearn.BL.tests.AppTest"/>
  <testcase name="loginRequest" time="2.352" classname="com.flipLearn.BL.tests.AppTest"/>
</testsuite> <!-- com.flipLearn.BL.tests.AppTest -->
