<?xml version="1.0" encoding="UTF-8"?>
<!-- Generated by org.testng.reporters.JUnitReportReporter -->
<testsuite hostname="ip-10-0-21-230.ap-south-1.compute.internal" name="flip.api.businesslayer.BusinessLayer.TopicIdTest" tests="1" failures="0" timestamp="11 Dec 2017 08:27:34 GMT" time="6.401" errors="0">
  <testcase name="hitTopicIds" time="6.401" classname="flip.api.businesslayer.BusinessLayer.TopicIdTest"/>
</testsuite> <!-- flip.api.businesslayer.BusinessLayer.TopicIdTest -->
