<?xml version="1.0" encoding="UTF-8"?>
<!-- Generated by org.testng.reporters.JUnitReportReporter -->
<testsuite skipped="0" hostname="fliplearn-PC" name="flip.api.businesslayer.BusinessLayer.AppTest" tests="1" failures="0" timestamp="05 Jan 2018 11:22:53 GMT" time="3.222" errors="0">
  <testcase name="executeAndVerifyResult" time="3.222" classname="flip.api.businesslayer.BusinessLayer.AppTest"/>
</testsuite> <!-- flip.api.businesslayer.BusinessLayer.AppTest -->
