<?xml version="1.0" encoding="UTF-8"?>
<!-- Generated by org.testng.reporters.JUnitReportReporter -->
<testsuite skipped="0" hostname="DESKTOP-OQRUFJL" name="flip.api.businesslayer.BusinessLayer.AppTest" tests="1" failures="0" timestamp="30 Oct 2017 06:33:34 GMT" time="132.535" errors="0">
  <testcase name="executeAndVerifyResult" time="132.535" classname="flip.api.businesslayer.BusinessLayer.AppTest"/>
</testsuite> <!-- flip.api.businesslayer.BusinessLayer.AppTest -->
