<?xml version="1.0" encoding="UTF-8"?>
<!-- Generated by org.testng.reporters.JUnitReportReporter -->
<testsuite skipped="0" hostname="Satyas-MacBook-Air.local" name="flip.api.businesslayer.BusinessLayer.AppTest" tests="1" failures="0" timestamp="03 Oct 2017 09:29:55 GMT" time="95.267" errors="0">
  <testcase name="executeAndVerifyResult" time="95.267" classname="flip.api.businesslayer.BusinessLayer.AppTest"/>
</testsuite> <!-- flip.api.businesslayer.BusinessLayer.AppTest -->
