<?xml version="1.0" encoding="UTF-8"?>
<!-- Generated by org.testng.reporters.JUnitReportReporter -->
<testsuite hostname="Satyas-MacBook-Air.local" name="flip.api.businesslayer.BusinessLayer.AppTest" tests="2" failures="0" timestamp="12 Sep 2017 10:51:03 GMT" time="34.308" errors="0">
  <testcase name="loginRequest" time="33.464" classname="flip.api.businesslayer.BusinessLayer.AppTest"/>
  <testcase name="getUserProfile" time="0.844" classname="flip.api.businesslayer.BusinessLayer.AppTest"/>
</testsuite> <!-- flip.api.businesslayer.BusinessLayer.AppTest -->
