<?xml version="1.0" encoding="UTF-8"?>
<!-- Generated by org.testng.reporters.JUnitReportReporter -->
<testsuite hostname="Satyas-MacBook-Air.local" name="flip.api.businesslayer.BusinessLayer.AppTest" tests="2" failures="0" timestamp="12 Sep 2017 11:21:17 GMT" time="5.321" errors="0">
  <testcase name="getUserProfile" time="0.415" classname="flip.api.businesslayer.BusinessLayer.AppTest"/>
  <testcase name="loginRequest" time="4.906" classname="flip.api.businesslayer.BusinessLayer.AppTest"/>
</testsuite> <!-- flip.api.businesslayer.BusinessLayer.AppTest -->
