<?xml version="1.0" encoding="UTF-8"?>
<!-- Generated by org.testng.reporters.JUnitReportReporter -->
<testsuite skipped="0" hostname="Satyas-MacBook-Air.local" name="flip.api.businesslayer.BusinessLayer.AppTest" tests="1" failures="0" timestamp="26 Sep 2017 12:05:26 GMT" time="91.767" errors="0">
  <testcase name="executeAndVerifyResult" time="91.767" classname="flip.api.businesslayer.BusinessLayer.AppTest"/>
</testsuite> <!-- flip.api.businesslayer.BusinessLayer.AppTest -->
